{"logTime": "0414/072651", "correlationVector":"vud8apF6qtsIpPCP5rvjg7.1","action":"SyncServerConnectionManagerRequest", "result":"SYNC_SERVER_OK", "context":{"environment":"Prod_southeastasia_prod-s01-065-apac-southeastasia", "migrationStage":"NotStarted", "server":"akswtt006000067"}}
{"logTime": "0414/072651", "correlationVector":"vud8apF6qtsIpPCP5rvjg7.2","action":"ProcessGetUpdates", "result":"Done", "context":{"dataType":"Encryption Keys", "deleted":"0", "process_failed_to_decrypt":"0", "process_pending_decryption":"0", "process_success":"1", "total":"1"}}
{"logTime": "0414/072652", "correlationVector":"v2Vy3hTMEWAuUv14iRQ1rN","action":"SyncServerConnectionManagerRequest", "result":"SYNC_SERVER_OK", "context":{"environment":"", "migrationStage":"", "server":""}}
{"logTime": "0414/072652", "correlationVector":"v2Vy3hTMEWAuUv14iRQ1rN.0","action":"EncryptionKeysFetcher.DownloadKeys:", "result":"Success", "context":Key count: 2, Last key timestamp: 2024-10-28T10:51:21Z}
{"logTime": "0414/072652", "correlationVector":"v2Vy3hTMEWAuUv14iRQ1rN.1","action":"EncryptionKeysManager::SetEncryptionKeys:", "result":"Success", "context":Key names[2]:[oeiKo+LVJYnM8vSTvM/H8eY+WXUTxVgriQNDniaB741ICXyNxW+3DaIUsN4K0gBPJJfrlzfT0BFmqkGP4n44eg==][7n5+eewxjWcbsPoBMbnpHrnT4IM1bRSi6eL20jlkyUS2/sE6ZFqMEO+3ZFJrMT8RyndDjrabdY+pK1VsSzyf7Q==]}
{"logTime": "0414/072652", "correlationVector":"v2Vy3hTMEWAuUv14iRQ1rN.2","action":"EncryptionKeysManager::SetEncryptionKeysWithTimestamps:", "result":"Success", "context":Key timestamps[2]:[2024-04-29T11:29:17Z][2024-10-28T10:51:21Z]}
{"logTime": "0414/072652", "correlationVector":"vud8apF6qtsIpPCP5rvjg7","action":"Initial GetUpdates", "result":"", "context":Reason: NEW_CLIENT. cV=vud8apF6qtsIpPCP5rvjg7}
{"logTime": "0414/072652", "correlationVector":"vud8apF6qtsIpPCP5rvjg7.3","action":"GetUpdates Response", "result":"Success", "context":Received 1 update(s). cV=vud8apF6qtsIpPCP5rvjg7.0;server=akswtt006000067;cloudType=Consumer;environment=Prod_southeastasia_prod-s01-065-apac-southeastasia;migrationStage=NotStarted}
{"logTime": "0414/072652", "correlationVector":"N8Mt3nh+6486Io92FIm7DJ","action":"Initial GetUpdates", "result":"", "context":Reason: NEWLY_SUPPORTED_DATATYPE. cV=N8Mt3nh+6486Io92FIm7DJ}
{"logTime": "0414/072654", "correlationVector":"N8Mt3nh+6486Io92FIm7DJ.1","action":"SyncServerConnectionManagerRequest", "result":"SYNC_SERVER_OK", "context":{"environment":"Prod_southeastasia_prod-s01-064-apac-southeastasia", "migrationStage":"NotStarted", "server":"akswtt00600006b"}}
{"logTime": "0414/072654", "correlationVector":"N8Mt3nh+6486Io92FIm7DJ.2","action":"ProcessGetUpdates", "result":"Done", "context":{"dataType":"Preferences", "deleted":"0", "process_failed_to_decrypt":"0", "process_pending_decryption":"0", "process_success":"73", "total":"73"}}
{"logTime": "0414/072654", "correlationVector":"N8Mt3nh+6486Io92FIm7DJ.3","action":"ProcessGetUpdates", "result":"Done", "context":{"dataType":"Passwords", "deleted":"0", "process_failed_to_decrypt":"0", "process_pending_decryption":"0", "process_success":"32", "total":"32"}}
{"logTime": "0414/072654", "correlationVector":"N8Mt3nh+6486Io92FIm7DJ.4","action":"ProcessGetUpdates", "result":"Done", "context":{"dataType":"Device Info", "deleted":"0", "process_failed_to_decrypt":"0", "process_pending_decryption":"0", "process_success":"17", "total":"17"}}
{"logTime": "0414/072654", "correlationVector":"N8Mt3nh+6486Io92FIm7DJ.5","action":"GetUpdates Response", "result":"Success", "context":Received 122 update(s). cV=N8Mt3nh+6486Io92FIm7DJ.0;server=akswtt00600006b;cloudType=Consumer;environment=Prod_southeastasia_prod-s01-064-apac-southeastasia;migrationStage=NotStarted}
{"logTime": "0414/072654", "correlationVector":"FQhPiQWLKxyRkNEOkRaDub","action":"Initial GetUpdates", "result":"", "context":Reason: NEWLY_SUPPORTED_DATATYPE. cV=FQhPiQWLKxyRkNEOkRaDub}
{"logTime": "0414/072654", "correlationVector":"FQhPiQWLKxyRkNEOkRaDub.1","action":"SyncServerConnectionManagerRequest", "result":"SYNC_SERVER_OK", "context":{"environment":"Prod_southeastasia_prod-s01-064-apac-southeastasia", "migrationStage":"NotStarted", "server":"akswtt00600006s"}}
{"logTime": "0414/072654", "correlationVector":"FQhPiQWLKxyRkNEOkRaDub.2","action":"ProcessGetUpdates", "result":"Done", "context":{"dataType":"Bookmarks", "deleted":"0", "process_failed_to_decrypt":"0", "process_pending_decryption":"0", "process_success":"5", "total":"5"}}
{"logTime": "0414/072654", "correlationVector":"FQhPiQWLKxyRkNEOkRaDub.3","action":"GetUpdates Response", "result":"Success", "context":Received 5 update(s). cV=FQhPiQWLKxyRkNEOkRaDub.0;server=akswtt00600006s;cloudType=Consumer;environment=Prod_southeastasia_prod-s01-064-apac-southeastasia;migrationStage=NotStarted}
{"logTime": "0414/072654", "correlationVector":"kHpIWEpLtgLPPstrjlbgSL","action":"Initial GetUpdates", "result":"", "context":Reason: NEWLY_SUPPORTED_DATATYPE. cV=kHpIWEpLtgLPPstrjlbgSL}
{"logTime": "0414/072655", "correlationVector":"kHpIWEpLtgLPPstrjlbgSL.1","action":"SyncServerConnectionManagerRequest", "result":"SYNC_SERVER_OK", "context":{"environment":"Prod_southeastasia_prod-s01-064-apac-southeastasia", "migrationStage":"NotStarted", "server":"akswtt00600001a"}}
{"logTime": "0414/072655", "correlationVector":"kHpIWEpLtgLPPstrjlbgSL.2","action":"ProcessGetUpdates", "result":"Done", "context":{"dataType":"Autofill Profiles", "deleted":"0", "process_failed_to_decrypt":"0", "process_pending_decryption":"0", "process_success":"25", "total":"25"}}
{"logTime": "0414/072655", "correlationVector":"kHpIWEpLtgLPPstrjlbgSL.3","action":"ProcessGetUpdates", "result":"Done", "context":{"dataType":"Autofill", "deleted":"0", "process_failed_to_decrypt":"0", "process_pending_decryption":"0", "process_success":"75", "total":"75"}}
{"logTime": "0414/072655", "correlationVector":"kHpIWEpLtgLPPstrjlbgSL.4","action":"ProcessGetUpdates", "result":"Done", "context":{"dataType":"Sessions", "deleted":"95", "process_failed_to_decrypt":"0", "process_pending_decryption":"0", "process_success":"95", "total":"95"}}
{"logTime": "0414/072655", "correlationVector":"kHpIWEpLtgLPPstrjlbgSL.5","action":"ProcessGetUpdates", "result":"Done", "context":{"dataType":"Web Apps", "deleted":"0", "process_failed_to_decrypt":"0", "process_pending_decryption":"0", "process_success":"1", "total":"1"}}
{"logTime": "0414/072655", "correlationVector":"kHpIWEpLtgLPPstrjlbgSL.6","action":"ProcessGetUpdates", "result":"Done", "context":{"dataType":"Edge Hub App Usage", "deleted":"36", "process_failed_to_decrypt":"0", "process_pending_decryption":"0", "process_success":"54", "total":"54"}}
{"logTime": "0414/072655", "correlationVector":"kHpIWEpLtgLPPstrjlbgSL.7","action":"GetUpdates Response", "result":"Success", "context":Received 250 update(s). cV=kHpIWEpLtgLPPstrjlbgSL.0;server=akswtt00600001a;cloudType=Consumer;environment=Prod_southeastasia_prod-s01-064-apac-southeastasia;migrationStage=NotStarted Some updates remain.}
{"logTime": "0414/072655", "correlationVector":"j/NxCbvECLHsiVLT5iAI0n","action":"Initial GetUpdates", "result":"", "context":Reason: NEWLY_SUPPORTED_DATATYPE. cV=j/NxCbvECLHsiVLT5iAI0n}
{"logTime": "0414/072657", "correlationVector":"j/NxCbvECLHsiVLT5iAI0n.1","action":"SyncServerConnectionManagerRequest", "result":"SYNC_SERVER_OK", "context":{"environment":"Prod_southeastasia_prod-s01-064-apac-southeastasia", "migrationStage":"NotStarted", "server":"akswtt006000051"}}
{"logTime": "0414/072657", "correlationVector":"j/NxCbvECLHsiVLT5iAI0n.2","action":"ProcessGetUpdates", "result":"Done", "context":{"dataType":"Autofill Profiles", "deleted":"0", "process_failed_to_decrypt":"0", "process_pending_decryption":"0", "process_success":"1", "total":"1"}}
{"logTime": "0414/072657", "correlationVector":"j/NxCbvECLHsiVLT5iAI0n.3","action":"ProcessGetUpdates", "result":"Done", "context":{"dataType":"Extensions", "deleted":"0", "process_failed_to_decrypt":"0", "process_pending_decryption":"0", "process_success":"4", "total":"4"}}
{"logTime": "0414/072657", "correlationVector":"j/NxCbvECLHsiVLT5iAI0n.4","action":"ProcessGetUpdates", "result":"Done", "context":{"dataType":"Sessions", "deleted":"101", "process_failed_to_decrypt":"0", "process_pending_decryption":"0", "process_success":"125", "total":"125"}}
{"logTime": "0414/072657", "correlationVector":"j/NxCbvECLHsiVLT5iAI0n.5","action":"ProcessGetUpdates", "result":"Done", "context":{"dataType":"Extension settings", "deleted":"0", "process_failed_to_decrypt":"0", "process_pending_decryption":"0", "process_success":"7", "total":"7"}}
{"logTime": "0414/072657", "correlationVector":"j/NxCbvECLHsiVLT5iAI0n.6","action":"ProcessGetUpdates", "result":"Done", "context":{"dataType":"Edge Hub App Usage", "deleted":"1", "process_failed_to_decrypt":"0", "process_pending_decryption":"0", "process_success":"4", "total":"4"}}
{"logTime": "0414/072657", "correlationVector":"j/NxCbvECLHsiVLT5iAI0n.7","action":"GetUpdates Response", "result":"Success", "context":Received 141 update(s). cV=j/NxCbvECLHsiVLT5iAI0n.0;server=akswtt006000051;cloudType=Consumer;environment=Prod_southeastasia_prod-s01-064-apac-southeastasia;migrationStage=NotStarted}
{"logTime": "0414/072657", "correlationVector":"Jl40cIa3p1xDV1hDPVPlIJ","action":"Initial GetUpdates", "result":"", "context":Reason: NEWLY_SUPPORTED_DATATYPE. cV=Jl40cIa3p1xDV1hDPVPlIJ}
{"logTime": "0414/072658", "correlationVector":"Jl40cIa3p1xDV1hDPVPlIJ.1","action":"SyncServerConnectionManagerRequest", "result":"SYNC_SERVER_OK", "context":{"environment":"Prod_southeastasia_prod-s01-064-apac-southeastasia", "migrationStage":"NotStarted", "server":"akswtt00600000a"}}
{"logTime": "0414/072658", "correlationVector":"Jl40cIa3p1xDV1hDPVPlIJ.2","action":"ProcessGetUpdates", "result":"Done", "context":{"dataType":"History", "deleted":"0", "process_failed_to_decrypt":"0", "process_pending_decryption":"0", "process_success":"250", "total":"250"}}
{"logTime": "0414/072658", "correlationVector":"Jl40cIa3p1xDV1hDPVPlIJ.3","action":"GetUpdates Response", "result":"Success", "context":Received 250 update(s). cV=Jl40cIa3p1xDV1hDPVPlIJ.0;server=akswtt00600000a;cloudType=Consumer;environment=Prod_southeastasia_prod-s01-064-apac-southeastasia;migrationStage=NotStarted Some updates remain.}
{"logTime": "0414/072658", "correlationVector":"YE/VwW1LhUaMlCaJri0j5C","action":"Initial GetUpdates", "result":"", "context":Reason: NEWLY_SUPPORTED_DATATYPE. cV=YE/VwW1LhUaMlCaJri0j5C}
{"logTime": "0414/072700", "correlationVector":"YE/VwW1LhUaMlCaJri0j5C.1","action":"SyncServerConnectionManagerRequest", "result":"SYNC_SERVER_OK", "context":{"environment":"Prod_southeastasia_prod-s01-064-apac-southeastasia", "migrationStage":"NotStarted", "server":"akswtt00600005k"}}
{"logTime": "0414/072700", "correlationVector":"YE/VwW1LhUaMlCaJri0j5C.2","action":"ProcessGetUpdates", "result":"Done", "context":{"dataType":"History", "deleted":"0", "process_failed_to_decrypt":"0", "process_pending_decryption":"0", "process_success":"250", "total":"250"}}
{"logTime": "0414/072700", "correlationVector":"YE/VwW1LhUaMlCaJri0j5C.3","action":"GetUpdates Response", "result":"Success", "context":Received 250 update(s). cV=YE/VwW1LhUaMlCaJri0j5C.0;server=akswtt00600005k;cloudType=Consumer;environment=Prod_southeastasia_prod-s01-064-apac-southeastasia;migrationStage=NotStarted Some updates remain.}
{"logTime": "0414/072700", "correlationVector":"7vnySrH1ORAtDCKMiSl354","action":"Initial GetUpdates", "result":"", "context":Reason: NEWLY_SUPPORTED_DATATYPE. cV=7vnySrH1ORAtDCKMiSl354}
{"logTime": "0414/072703", "correlationVector":"7vnySrH1ORAtDCKMiSl354.1","action":"SyncServerConnectionManagerRequest", "result":"SYNC_SERVER_OK", "context":{"environment":"Prod_southeastasia_prod-s01-064-apac-southeastasia", "migrationStage":"NotStarted", "server":"akswtt00600004d"}}
{"logTime": "0414/072703", "correlationVector":"7vnySrH1ORAtDCKMiSl354.2","action":"ProcessGetUpdates", "result":"Done", "context":{"dataType":"History", "deleted":"0", "process_failed_to_decrypt":"0", "process_pending_decryption":"0", "process_success":"250", "total":"250"}}
{"logTime": "0414/072703", "correlationVector":"7vnySrH1ORAtDCKMiSl354.3","action":"GetUpdates Response", "result":"Success", "context":Received 250 update(s). cV=7vnySrH1ORAtDCKMiSl354.0;server=akswtt00600004d;cloudType=Consumer;environment=Prod_southeastasia_prod-s01-064-apac-southeastasia;migrationStage=NotStarted Some updates remain.}
{"logTime": "0414/072703", "correlationVector":"pOLePYGDb39/807r5jbeez","action":"Initial GetUpdates", "result":"", "context":Reason: NEWLY_SUPPORTED_DATATYPE. cV=pOLePYGDb39/807r5jbeez}
{"logTime": "0414/072704", "correlationVector":"pOLePYGDb39/807r5jbeez.1","action":"SyncServerConnectionManagerRequest", "result":"SYNC_SERVER_OK", "context":{"environment":"Prod_southeastasia_prod-s01-064-apac-southeastasia", "migrationStage":"NotStarted", "server":"akswtt00600004x"}}
{"logTime": "0414/072704", "correlationVector":"pOLePYGDb39/807r5jbeez.2","action":"ProcessGetUpdates", "result":"Done", "context":{"dataType":"History", "deleted":"0", "process_failed_to_decrypt":"0", "process_pending_decryption":"0", "process_success":"159", "total":"159"}}
{"logTime": "0414/072704", "correlationVector":"pOLePYGDb39/807r5jbeez.3","action":"GetUpdates Response", "result":"Success", "context":Received 159 update(s). cV=pOLePYGDb39/807r5jbeez.0;server=akswtt00600004x;cloudType=Consumer;environment=Prod_southeastasia_prod-s01-064-apac-southeastasia;migrationStage=NotStarted}
{"logTime": "0414/072704", "correlationVector":"h9cBD/lULn/AEEp1xVO/51","action":"Normal GetUpdate request", "result":"", "context":cV=h9cBD/lULn/AEEp1xVO/51
Nudged types: Preferences, Sessions, Device Info, User Consents, History
Refresh requested types: Bookmarks, Preferences, Passwords, Autofill Profiles, Autofill, Extensions, Sessions, Extension settings, History Delete Directives, Device Info, User Consents, Send Tab To Self, Web Apps, History, Saved Tab Group, Collection, Edge E Drop, Edge Hub App Usage, Edge Tab Group, Edge Wallet, Encryption Keys}
{"logTime": "0414/072704", "correlationVector":"h9cBD/lULn/AEEp1xVO/51.1","action":"SyncServerConnectionManagerRequest", "result":"SYNC_SERVER_OK", "context":{"environment":"Prod_southeastasia_prod-s01-064-apac-southeastasia", "migrationStage":"NotStarted", "server":"akswtt00600006n"}}
{"logTime": "0414/072704", "correlationVector":"h9cBD/lULn/AEEp1xVO/51.2","action":"GetUpdates Response", "result":"Success", "context":Received 0 update(s). cV=h9cBD/lULn/AEEp1xVO/51.0;server=akswtt00600006n;cloudType=Consumer;environment=Prod_southeastasia_prod-s01-064-apac-southeastasia;migrationStage=NotStarted}
{"logTime": "0414/072704", "correlationVector":"zKwPqxtQkwEkng5bNNgUAd","action":"Commit Request", "result":"", "context":Item count: 7
Contributing types: Preferences, Sessions, Device Info, User Consents, History}
{"logTime": "0414/072705", "correlationVector":"zKwPqxtQkwEkng5bNNgUAd.1","action":"SyncServerConnectionManagerRequest", "result":"SYNC_SERVER_OK", "context":{"environment":"Prod_southeastasia_prod-s01-064-apac-southeastasia", "migrationStage":"NotStarted", "server":"akswtt006000011"}}
{"logTime": "0414/072705", "correlationVector":"zKwPqxtQkwEkng5bNNgUAd.2","action":"Commit Response", "result":"Success", "context":Result: Success. cV=zKwPqxtQkwEkng5bNNgUAd.0;server=akswtt006000011;cloudType=Consumer;environment=Prod_southeastasia_prod-s01-064-apac-southeastasia;migrationStage=NotStarted}
{"logTime": "0414/072923", "correlationVector":"eCk+FC/3wErViCMsiOMJ3h","action":"Commit Request", "result":"", "context":Item count: 1
Contributing types: Sessions}
{"logTime": "0414/072923", "correlationVector":"eCk+FC/3wErViCMsiOMJ3h.1","action":"SyncServerConnectionManagerRequest", "result":"SYNC_SERVER_OK", "context":{"environment":"Prod_southeastasia_prod-s01-065-apac-southeastasia", "migrationStage":"NotStarted", "server":"akswtt006000069"}}
{"logTime": "0414/072923", "correlationVector":"eCk+FC/3wErViCMsiOMJ3h.2","action":"Commit Response", "result":"Success", "context":Result: Success. cV=eCk+FC/3wErViCMsiOMJ3h.0;server=akswtt006000069;cloudType=Consumer;environment=Prod_southeastasia_prod-s01-065-apac-southeastasia;migrationStage=NotStarted}
{"logTime": "0414/092246", "correlationVector":"UIzahABq43ew+oS+AB+iSV.1","action":"SyncServerConnectionManagerRequest", "result":"SYNC_SERVER_OK", "context":{"environment":"Prod_southeastasia_prod-s01-065-apac-southeastasia", "migrationStage":"NotStarted", "server":"akswtt00600003p"}}
{"logTime": "0414/092246", "correlationVector":"UIzahABq43ew+oS+AB+iSV.2","action":"ProcessGetUpdates", "result":"Done", "context":{"dataType":"Encryption Keys", "deleted":"0", "process_failed_to_decrypt":"0", "process_pending_decryption":"0", "process_success":"1", "total":"1"}}
{"logTime": "0414/092246", "correlationVector":"e12tpEFqdQH8AzZyKBhuUv","action":"SyncServerConnectionManagerRequest", "result":"SYNC_SERVER_OK", "context":{"environment":"", "migrationStage":"", "server":""}}
{"logTime": "0414/092246", "correlationVector":"e12tpEFqdQH8AzZyKBhuUv.0","action":"EncryptionKeysFetcher.DownloadKeys:", "result":"Success", "context":Key count: 2, Last key timestamp: 2024-10-28T10:51:21Z}
{"logTime": "0414/092246", "correlationVector":"e12tpEFqdQH8AzZyKBhuUv.1","action":"EncryptionKeysManager::SetEncryptionKeys:", "result":"Success", "context":Key names[2]:[oeiKo+LVJYnM8vSTvM/H8eY+WXUTxVgriQNDniaB741ICXyNxW+3DaIUsN4K0gBPJJfrlzfT0BFmqkGP4n44eg==][7n5+eewxjWcbsPoBMbnpHrnT4IM1bRSi6eL20jlkyUS2/sE6ZFqMEO+3ZFJrMT8RyndDjrabdY+pK1VsSzyf7Q==]}
{"logTime": "0414/092246", "correlationVector":"e12tpEFqdQH8AzZyKBhuUv.2","action":"EncryptionKeysManager::SetEncryptionKeysWithTimestamps:", "result":"Success", "context":Key timestamps[2]:[2024-04-29T11:29:17Z][2024-10-28T10:51:21Z]}
{"logTime": "0414/092246", "correlationVector":"UIzahABq43ew+oS+AB+iSV","action":"Initial GetUpdates", "result":"", "context":Reason: NEW_CLIENT. cV=UIzahABq43ew+oS+AB+iSV}
{"logTime": "0414/092246", "correlationVector":"UIzahABq43ew+oS+AB+iSV.3","action":"GetUpdates Response", "result":"Success", "context":Received 1 update(s). cV=UIzahABq43ew+oS+AB+iSV.0;server=akswtt00600003p;cloudType=Consumer;environment=Prod_southeastasia_prod-s01-065-apac-southeastasia;migrationStage=NotStarted}
{"logTime": "0414/092246", "correlationVector":"hVxhEmtx7QJucWu0WLxUK2","action":"Initial GetUpdates", "result":"", "context":Reason: NEWLY_SUPPORTED_DATATYPE. cV=hVxhEmtx7QJucWu0WLxUK2}
{"logTime": "0414/092247", "correlationVector":"hVxhEmtx7QJucWu0WLxUK2.1","action":"SyncServerConnectionManagerRequest", "result":"SYNC_SERVER_OK", "context":{"environment":"Prod_southeastasia_prod-s01-064-apac-southeastasia", "migrationStage":"NotStarted", "server":"akswtt00600000n"}}
{"logTime": "0414/092247", "correlationVector":"hVxhEmtx7QJucWu0WLxUK2.2","action":"ProcessGetUpdates", "result":"Done", "context":{"dataType":"Passwords", "deleted":"0", "process_failed_to_decrypt":"0", "process_pending_decryption":"0", "process_success":"32", "total":"32"}}
{"logTime": "0414/092247", "correlationVector":"hVxhEmtx7QJucWu0WLxUK2.3","action":"GetUpdates Response", "result":"Success", "context":Received 32 update(s). cV=hVxhEmtx7QJucWu0WLxUK2.0;server=akswtt00600000n;cloudType=Consumer;environment=Prod_southeastasia_prod-s01-064-apac-southeastasia;migrationStage=NotStarted}
{"logTime": "0414/092247", "correlationVector":"rjsh3EJXJzUWkvKXkkEuUc","action":"Normal GetUpdate request", "result":"", "context":cV=rjsh3EJXJzUWkvKXkkEuUc
Nudged types: Sessions, History
Refresh requested types: Bookmarks, Preferences, Passwords, Autofill Profiles, Autofill, Extensions, Sessions, Extension settings, History Delete Directives, Device Info, User Consents, Send Tab To Self, Web Apps, History, Saved Tab Group, Collection, Edge E Drop, Edge Hub App Usage, Edge Tab Group, Edge Wallet, Encryption Keys}
{"logTime": "0414/092248", "correlationVector":"rjsh3EJXJzUWkvKXkkEuUc.1","action":"SyncServerConnectionManagerRequest", "result":"SYNC_SERVER_OK", "context":{"environment":"Prod_southeastasia_prod-s01-065-apac-southeastasia", "migrationStage":"NotStarted", "server":"akswtt006000067"}}
{"logTime": "0414/092248", "correlationVector":"rjsh3EJXJzUWkvKXkkEuUc.2","action":"ProcessGetUpdates", "result":"Done", "context":{"dataType":"Preferences", "deleted":"0", "process_failed_to_decrypt":"0", "process_pending_decryption":"0", "process_success":"1", "total":"1"}}
{"logTime": "0414/092248", "correlationVector":"rjsh3EJXJzUWkvKXkkEuUc.3","action":"ProcessGetUpdates", "result":"Done", "context":{"dataType":"Sessions", "deleted":"4", "process_failed_to_decrypt":"0", "process_pending_decryption":"0", "process_success":"9", "total":"9"}}
{"logTime": "0414/092248", "correlationVector":"rjsh3EJXJzUWkvKXkkEuUc.4","action":"ProcessGetUpdates", "result":"Done", "context":{"dataType":"Device Info", "deleted":"0", "process_failed_to_decrypt":"0", "process_pending_decryption":"0", "process_success":"2", "total":"2"}}
{"logTime": "0414/092248", "correlationVector":"rjsh3EJXJzUWkvKXkkEuUc.5","action":"ProcessGetUpdates", "result":"Done", "context":{"dataType":"History", "deleted":"0", "process_failed_to_decrypt":"0", "process_pending_decryption":"0", "process_success":"33", "total":"33"}}
{"logTime": "0414/092248", "correlationVector":"rjsh3EJXJzUWkvKXkkEuUc.6","action":"GetUpdates Response", "result":"Success", "context":Received 45 update(s). cV=rjsh3EJXJzUWkvKXkkEuUc.0;server=akswtt006000067;cloudType=Consumer;environment=Prod_southeastasia_prod-s01-065-apac-southeastasia;migrationStage=NotStarted}
{"logTime": "0414/092251", "correlationVector":"YhScJWlv0ONDr3Swk5FJFc","action":"Commit Request", "result":"", "context":Item count: 4
Contributing types: Preferences, Sessions, History}
{"logTime": "0414/092251", "correlationVector":"YhScJWlv0ONDr3Swk5FJFc.1","action":"SyncServerConnectionManagerRequest", "result":"SYNC_SERVER_OK", "context":{"environment":"Prod_southeastasia_prod-s01-065-apac-southeastasia", "migrationStage":"NotStarted", "server":"akswtt006000041"}}
{"logTime": "0414/092251", "correlationVector":"YhScJWlv0ONDr3Swk5FJFc.2","action":"Commit Response", "result":"Success", "context":Result: Success. cV=YhScJWlv0ONDr3Swk5FJFc.0;server=akswtt006000041;cloudType=Consumer;environment=Prod_southeastasia_prod-s01-065-apac-southeastasia;migrationStage=NotStarted}
{"logTime": "0414/092352", "correlationVector":"w6Mlrpu7QxjgATSTAOHrFi","action":"Commit Request", "result":"", "context":Item count: 3
Contributing types: Sessions, History}
{"logTime": "0414/092353", "correlationVector":"w6Mlrpu7QxjgATSTAOHrFi.1","action":"SyncServerConnectionManagerRequest", "result":"SYNC_SERVER_OK", "context":{"environment":"Prod_southeastasia_prod-s01-065-apac-southeastasia", "migrationStage":"NotStarted", "server":"akswtt00600005p"}}
{"logTime": "0414/092353", "correlationVector":"w6Mlrpu7QxjgATSTAOHrFi.2","action":"Commit Response", "result":"Success", "context":Result: Success. cV=w6Mlrpu7QxjgATSTAOHrFi.0;server=akswtt00600005p;cloudType=Consumer;environment=Prod_southeastasia_prod-s01-065-apac-southeastasia;migrationStage=NotStarted}
{"logTime": "0414/092514", "correlationVector":"Pyf3qRbq3d3yS9ndteIla3","action":"Commit Request", "result":"", "context":Item count: 1
Contributing types: Sessions}
{"logTime": "0414/092514", "correlationVector":"Pyf3qRbq3d3yS9ndteIla3.1","action":"SyncServerConnectionManagerRequest", "result":"SYNC_SERVER_OK", "context":{"environment":"Prod_southeastasia_prod-s01-065-apac-southeastasia", "migrationStage":"NotStarted", "server":"akswtt00600001d"}}
{"logTime": "0414/092514", "correlationVector":"Pyf3qRbq3d3yS9ndteIla3.2","action":"Commit Response", "result":"Success", "context":Result: Success. cV=Pyf3qRbq3d3yS9ndteIla3.0;server=akswtt00600001d;cloudType=Consumer;environment=Prod_southeastasia_prod-s01-065-apac-southeastasia;migrationStage=NotStarted}
{"logTime": "0414/092621", "correlationVector":"gsGySIDKadhxIhcYR/02iW","action":"Commit Request", "result":"", "context":Item count: 6
Contributing types: Sessions, History}
{"logTime": "0414/092622", "correlationVector":"gsGySIDKadhxIhcYR/02iW.1","action":"SyncServerConnectionManagerRequest", "result":"SYNC_SERVER_OK", "context":{"environment":"Prod_southeastasia_prod-s01-065-apac-southeastasia", "migrationStage":"NotStarted", "server":"akswtt00600002t"}}
{"logTime": "0414/092622", "correlationVector":"gsGySIDKadhxIhcYR/02iW.2","action":"Commit Response", "result":"Success", "context":Result: Success. cV=gsGySIDKadhxIhcYR/02iW.0;server=akswtt00600002t;cloudType=Consumer;environment=Prod_southeastasia_prod-s01-065-apac-southeastasia;migrationStage=NotStarted}
{"logTime": "0414/092724", "correlationVector":"9hmGFxVu/1EH7ZT6f1HJiI","action":"Commit Request", "result":"", "context":Item count: 8
Contributing types: Sessions, History}
{"logTime": "0414/092724", "correlationVector":"9hmGFxVu/1EH7ZT6f1HJiI.1","action":"SyncServerConnectionManagerRequest", "result":"SYNC_SERVER_OK", "context":{"environment":"Prod_southeastasia_prod-s01-065-apac-southeastasia", "migrationStage":"NotStarted", "server":"akswtt006000057"}}
{"logTime": "0414/092724", "correlationVector":"9hmGFxVu/1EH7ZT6f1HJiI.2","action":"Commit Response", "result":"Success", "context":Result: Success. cV=9hmGFxVu/1EH7ZT6f1HJiI.0;server=akswtt006000057;cloudType=Consumer;environment=Prod_southeastasia_prod-s01-065-apac-southeastasia;migrationStage=NotStarted}
{"logTime": "0414/092841", "correlationVector":"JbR3dim2klbkBeqrOhcaYx","action":"Commit Request", "result":"", "context":Item count: 1
Contributing types: Sessions}
{"logTime": "0414/092842", "correlationVector":"JbR3dim2klbkBeqrOhcaYx.1","action":"SyncServerConnectionManagerRequest", "result":"SYNC_SERVER_OK", "context":{"environment":"Prod_southeastasia_prod-s01-065-apac-southeastasia", "migrationStage":"NotStarted", "server":"akswtt00600000z"}}
{"logTime": "0414/092842", "correlationVector":"JbR3dim2klbkBeqrOhcaYx.2","action":"Commit Response", "result":"Success", "context":Result: Success. cV=JbR3dim2klbkBeqrOhcaYx.0;server=akswtt00600000z;cloudType=Consumer;environment=Prod_southeastasia_prod-s01-065-apac-southeastasia;migrationStage=NotStarted}
{"logTime": "0414/093117", "correlationVector":"xtLnFdlrRMuX5SwiaZxDkn.1","action":"SyncServerConnectionManagerRequest", "result":"SYNC_SERVER_OK", "context":{"environment":"Prod_southeastasia_prod-s01-065-apac-southeastasia", "migrationStage":"NotStarted", "server":"akswtt00600003o"}}
{"logTime": "0414/093117", "correlationVector":"xtLnFdlrRMuX5SwiaZxDkn.2","action":"ProcessGetUpdates", "result":"Done", "context":{"dataType":"Encryption Keys", "deleted":"0", "process_failed_to_decrypt":"0", "process_pending_decryption":"0", "process_success":"1", "total":"1"}}
{"logTime": "0414/093117", "correlationVector":"BG5uJ56k2/qzcw35LermWZ","action":"SyncServerConnectionManagerRequest", "result":"SYNC_SERVER_OK", "context":{"environment":"", "migrationStage":"", "server":""}}
{"logTime": "0414/093117", "correlationVector":"BG5uJ56k2/qzcw35LermWZ.0","action":"EncryptionKeysFetcher.DownloadKeys:", "result":"Success", "context":Key count: 2, Last key timestamp: 2024-10-28T10:51:21Z}
{"logTime": "0414/093117", "correlationVector":"BG5uJ56k2/qzcw35LermWZ.1","action":"EncryptionKeysManager::SetEncryptionKeys:", "result":"Success", "context":Key names[2]:[oeiKo+LVJYnM8vSTvM/H8eY+WXUTxVgriQNDniaB741ICXyNxW+3DaIUsN4K0gBPJJfrlzfT0BFmqkGP4n44eg==][7n5+eewxjWcbsPoBMbnpHrnT4IM1bRSi6eL20jlkyUS2/sE6ZFqMEO+3ZFJrMT8RyndDjrabdY+pK1VsSzyf7Q==]}
{"logTime": "0414/093117", "correlationVector":"BG5uJ56k2/qzcw35LermWZ.2","action":"EncryptionKeysManager::SetEncryptionKeysWithTimestamps:", "result":"Success", "context":Key timestamps[2]:[2024-04-29T11:29:17Z][2024-10-28T10:51:21Z]}
{"logTime": "0414/093117", "correlationVector":"xtLnFdlrRMuX5SwiaZxDkn","action":"Initial GetUpdates", "result":"", "context":Reason: NEW_CLIENT. cV=xtLnFdlrRMuX5SwiaZxDkn}
{"logTime": "0414/093117", "correlationVector":"xtLnFdlrRMuX5SwiaZxDkn.3","action":"GetUpdates Response", "result":"Success", "context":Received 1 update(s). cV=xtLnFdlrRMuX5SwiaZxDkn.0;server=akswtt00600003o;cloudType=Consumer;environment=Prod_southeastasia_prod-s01-065-apac-southeastasia;migrationStage=NotStarted}
{"logTime": "0414/093117", "correlationVector":"SyYMl6XPHaJkPPyniTpFea","action":"Initial GetUpdates", "result":"", "context":Reason: NEWLY_SUPPORTED_DATATYPE. cV=SyYMl6XPHaJkPPyniTpFea}
{"logTime": "0414/093118", "correlationVector":"SyYMl6XPHaJkPPyniTpFea.1","action":"SyncServerConnectionManagerRequest", "result":"SYNC_SERVER_OK", "context":{"environment":"Prod_southeastasia_prod-s01-065-apac-southeastasia", "migrationStage":"NotStarted", "server":"akswtt006000067"}}
{"logTime": "0414/093118", "correlationVector":"SyYMl6XPHaJkPPyniTpFea.2","action":"ProcessGetUpdates", "result":"Done", "context":{"dataType":"Passwords", "deleted":"0", "process_failed_to_decrypt":"0", "process_pending_decryption":"0", "process_success":"32", "total":"32"}}
{"logTime": "0414/093118", "correlationVector":"SyYMl6XPHaJkPPyniTpFea.3","action":"GetUpdates Response", "result":"Success", "context":Received 32 update(s). cV=SyYMl6XPHaJkPPyniTpFea.0;server=akswtt006000067;cloudType=Consumer;environment=Prod_southeastasia_prod-s01-065-apac-southeastasia;migrationStage=NotStarted}
{"logTime": "0414/093118", "correlationVector":"gBrRJEt9mgSRmcyrt+3jzw","action":"Normal GetUpdate request", "result":"", "context":cV=gBrRJEt9mgSRmcyrt+3jzw
Nudged types: Sessions, History
Refresh requested types: Bookmarks, Preferences, Passwords, Autofill Profiles, Autofill, Extensions, Sessions, Extension settings, History Delete Directives, Device Info, User Consents, Send Tab To Self, Web Apps, History, Saved Tab Group, Collection, Edge E Drop, Edge Hub App Usage, Edge Tab Group, Edge Wallet, Encryption Keys}
{"logTime": "0414/093118", "correlationVector":"gBrRJEt9mgSRmcyrt+3jzw.1","action":"SyncServerConnectionManagerRequest", "result":"SYNC_SERVER_OK", "context":{"environment":"Prod_southeastasia_prod-s01-065-apac-southeastasia", "migrationStage":"NotStarted", "server":"akswtt00600001a"}}
{"logTime": "0414/093118", "correlationVector":"gBrRJEt9mgSRmcyrt+3jzw.2","action":"ProcessGetUpdates", "result":"Done", "context":{"dataType":"Preferences", "deleted":"0", "process_failed_to_decrypt":"0", "process_pending_decryption":"0", "process_success":"1", "total":"1"}}
{"logTime": "0414/093118", "correlationVector":"gBrRJEt9mgSRmcyrt+3jzw.3","action":"ProcessGetUpdates", "result":"Done", "context":{"dataType":"Sessions", "deleted":"0", "process_failed_to_decrypt":"0", "process_pending_decryption":"0", "process_success":"2", "total":"2"}}
{"logTime": "0414/093118", "correlationVector":"gBrRJEt9mgSRmcyrt+3jzw.4","action":"ProcessGetUpdates", "result":"Done", "context":{"dataType":"History", "deleted":"0", "process_failed_to_decrypt":"0", "process_pending_decryption":"0", "process_success":"12", "total":"12"}}
{"logTime": "0414/093118", "correlationVector":"gBrRJEt9mgSRmcyrt+3jzw.5","action":"GetUpdates Response", "result":"Success", "context":Received 15 update(s). cV=gBrRJEt9mgSRmcyrt+3jzw.0;server=akswtt00600001a;cloudType=Consumer;environment=Prod_southeastasia_prod-s01-065-apac-southeastasia;migrationStage=NotStarted}
{"logTime": "0414/093118", "correlationVector":"mUZiP+wWrU58OAIZy1oMzc","action":"Commit Request", "result":"", "context":Item count: 4
Contributing types: Sessions, History}
{"logTime": "0414/093118", "correlationVector":"mUZiP+wWrU58OAIZy1oMzc.1","action":"SyncServerConnectionManagerRequest", "result":"SYNC_SERVER_OK", "context":{"environment":"Prod_southeastasia_prod-s01-065-apac-southeastasia", "migrationStage":"NotStarted", "server":"akswtt00600004e"}}
{"logTime": "0414/093118", "correlationVector":"mUZiP+wWrU58OAIZy1oMzc.2","action":"Commit Response", "result":"Success", "context":Result: Success. cV=mUZiP+wWrU58OAIZy1oMzc.0;server=akswtt00600004e;cloudType=Consumer;environment=Prod_southeastasia_prod-s01-065-apac-southeastasia;migrationStage=NotStarted}
{"logTime": "0414/093121", "correlationVector":"w1E1CB3cDEJbVa4tZGGRWx","action":"Commit Request", "result":"", "context":Item count: 4
Contributing types: Preferences, Sessions, History}
{"logTime": "0414/093122", "correlationVector":"w1E1CB3cDEJbVa4tZGGRWx.1","action":"SyncServerConnectionManagerRequest", "result":"SYNC_SERVER_OK", "context":{"environment":"Prod_southeastasia_prod-s01-064-apac-southeastasia", "migrationStage":"NotStarted", "server":"akswtt00600005u"}}
{"logTime": "0414/093122", "correlationVector":"w1E1CB3cDEJbVa4tZGGRWx.2","action":"Commit Response", "result":"Success", "context":Result: Success. cV=w1E1CB3cDEJbVa4tZGGRWx.0;server=akswtt00600005u;cloudType=Consumer;environment=Prod_southeastasia_prod-s01-064-apac-southeastasia;migrationStage=NotStarted}
{"logTime": "0414/093122", "correlationVector":"w1E1CB3cDEJbVa4tZGGRWx.3","action":"Commit.Sessions", "result":"Success", "context":{"id":"7ea7ffed-7af8-4806-b062-1670577e6ceb", "isDeleted":"true", "size":"0", "version":"1744623078068"}}
{"logTime": "0414/093222", "correlationVector":"Q1bne5BiXHTdViKyvlkVQ4","action":"Commit Request", "result":"", "context":Item count: 5
Contributing types: Sessions, History}
{"logTime": "0414/093223", "correlationVector":"Q1bne5BiXHTdViKyvlkVQ4.1","action":"SyncServerConnectionManagerRequest", "result":"SYNC_SERVER_OK", "context":{"environment":"Prod_southeastasia_prod-s01-064-apac-southeastasia", "migrationStage":"NotStarted", "server":"akswtt006000075"}}
{"logTime": "0414/093223", "correlationVector":"Q1bne5BiXHTdViKyvlkVQ4.2","action":"Commit Response", "result":"Success", "context":Result: Success. cV=Q1bne5BiXHTdViKyvlkVQ4.0;server=akswtt006000075;cloudType=Consumer;environment=Prod_southeastasia_prod-s01-064-apac-southeastasia;migrationStage=NotStarted}
{"logTime": "0414/093350", "correlationVector":"Ei7lALvddkzvS+ZR711fNy","action":"Commit Request", "result":"", "context":Item count: 3
Contributing types: Sessions, History}
{"logTime": "0414/093351", "correlationVector":"Ei7lALvddkzvS+ZR711fNy.1","action":"SyncServerConnectionManagerRequest", "result":"SYNC_SERVER_OK", "context":{"environment":"Prod_southeastasia_prod-s01-064-apac-southeastasia", "migrationStage":"NotStarted", "server":"akswtt006000043"}}
{"logTime": "0414/093351", "correlationVector":"Ei7lALvddkzvS+ZR711fNy.2","action":"Commit Response", "result":"Success", "context":Result: Success. cV=Ei7lALvddkzvS+ZR711fNy.0;server=akswtt006000043;cloudType=Consumer;environment=Prod_southeastasia_prod-s01-064-apac-southeastasia;migrationStage=NotStarted}
{"logTime": "0414/093519", "correlationVector":"2if+hc1A4SAwPV7ocqX/xJ","action":"Commit Request", "result":"", "context":Item count: 4
Contributing types: Sessions, History}
{"logTime": "0414/093519", "correlationVector":"2if+hc1A4SAwPV7ocqX/xJ.1","action":"SyncServerConnectionManagerRequest", "result":"SYNC_SERVER_OK", "context":{"environment":"Prod_southeastasia_prod-s01-064-apac-southeastasia", "migrationStage":"NotStarted", "server":"akswtt00600004r"}}
{"logTime": "0414/093519", "correlationVector":"2if+hc1A4SAwPV7ocqX/xJ.2","action":"Commit Response", "result":"Success", "context":Result: Success. cV=2if+hc1A4SAwPV7ocqX/xJ.0;server=akswtt00600004r;cloudType=Consumer;environment=Prod_southeastasia_prod-s01-064-apac-southeastasia;migrationStage=NotStarted}
{"logTime": "0414/093808", "correlationVector":"uEHWTGosgETF7+WXkPEKo8","action":"Commit Request", "result":"", "context":Item count: 1
Contributing types: Sessions}
{"logTime": "0414/093808", "correlationVector":"uEHWTGosgETF7+WXkPEKo8.1","action":"SyncServerConnectionManagerRequest", "result":"SYNC_SERVER_OK", "context":{"environment":"Prod_southeastasia_prod-s01-065-apac-southeastasia", "migrationStage":"NotStarted", "server":"akswtt00600003o"}}
{"logTime": "0414/093808", "correlationVector":"uEHWTGosgETF7+WXkPEKo8.2","action":"Commit Response", "result":"Success", "context":Result: Success. cV=uEHWTGosgETF7+WXkPEKo8.0;server=akswtt00600003o;cloudType=Consumer;environment=Prod_southeastasia_prod-s01-065-apac-southeastasia;migrationStage=NotStarted}
{"logTime": "0414/094127", "correlationVector":"p2d7mzxPsa+Qs95zvWfNfz","action":"Commit Request", "result":"", "context":Item count: 1
Contributing types: Sessions}
{"logTime": "0414/094127", "correlationVector":"p2d7mzxPsa+Qs95zvWfNfz.1","action":"SyncServerConnectionManagerRequest", "result":"SYNC_SERVER_OK", "context":{"environment":"Prod_southeastasia_prod-s01-065-apac-southeastasia", "migrationStage":"NotStarted", "server":"akswtt00600001b"}}
{"logTime": "0414/094127", "correlationVector":"p2d7mzxPsa+Qs95zvWfNfz.2","action":"Commit Response", "result":"Success", "context":Result: Success. cV=p2d7mzxPsa+Qs95zvWfNfz.0;server=akswtt00600001b;cloudType=Consumer;environment=Prod_southeastasia_prod-s01-065-apac-southeastasia;migrationStage=NotStarted}
{"logTime": "0414/094237", "correlationVector":"MvZG+57J9fjcUdopEMVJIC","action":"Commit Request", "result":"", "context":Item count: 1
Contributing types: Sessions}
{"logTime": "0414/094237", "correlationVector":"MvZG+57J9fjcUdopEMVJIC.1","action":"SyncServerConnectionManagerRequest", "result":"SYNC_SERVER_OK", "context":{"environment":"Prod_southeastasia_prod-s01-065-apac-southeastasia", "migrationStage":"NotStarted", "server":"akswtt006000058"}}
{"logTime": "0414/094237", "correlationVector":"MvZG+57J9fjcUdopEMVJIC.2","action":"Commit Response", "result":"Success", "context":Result: Success. cV=MvZG+57J9fjcUdopEMVJIC.0;server=akswtt006000058;cloudType=Consumer;environment=Prod_southeastasia_prod-s01-065-apac-southeastasia;migrationStage=NotStarted}
{"logTime": "0414/094424", "correlationVector":"wUl2kWzijGGFZ0guc0fIly","action":"Commit Request", "result":"", "context":Item count: 4
Contributing types: Sessions, History}
{"logTime": "0414/094424", "correlationVector":"wUl2kWzijGGFZ0guc0fIly.1","action":"SyncServerConnectionManagerRequest", "result":"SYNC_SERVER_OK", "context":{"environment":"Prod_southeastasia_prod-s01-065-apac-southeastasia", "migrationStage":"NotStarted", "server":"akswtt006000053"}}
{"logTime": "0414/094424", "correlationVector":"wUl2kWzijGGFZ0guc0fIly.2","action":"Commit Response", "result":"Success", "context":Result: Success. cV=wUl2kWzijGGFZ0guc0fIly.0;server=akswtt006000053;cloudType=Consumer;environment=Prod_southeastasia_prod-s01-065-apac-southeastasia;migrationStage=NotStarted}
{"logTime": "0414/094624", "correlationVector":"FmZDswxdHjJY5VR3NwRUaw","action":"Commit Request", "result":"", "context":Item count: 1
Contributing types: Sessions}
{"logTime": "0414/094625", "correlationVector":"FmZDswxdHjJY5VR3NwRUaw.1","action":"SyncServerConnectionManagerRequest", "result":"SYNC_SERVER_OK", "context":{"environment":"Prod_southeastasia_prod-s01-065-apac-southeastasia", "migrationStage":"NotStarted", "server":"akswtt00600005g"}}
{"logTime": "0414/094625", "correlationVector":"FmZDswxdHjJY5VR3NwRUaw.2","action":"Commit Response", "result":"Success", "context":Result: Success. cV=FmZDswxdHjJY5VR3NwRUaw.0;server=akswtt00600005g;cloudType=Consumer;environment=Prod_southeastasia_prod-s01-065-apac-southeastasia;migrationStage=NotStarted}
{"logTime": "0414/094743", "correlationVector":"D7IMKYuPJzFiDgpWXVc+tL","action":"Commit Request", "result":"", "context":Item count: 1
Contributing types: Sessions}
{"logTime": "0414/094743", "correlationVector":"D7IMKYuPJzFiDgpWXVc+tL.1","action":"SyncServerConnectionManagerRequest", "result":"SYNC_SERVER_OK", "context":{"environment":"Prod_southeastasia_prod-s01-065-apac-southeastasia", "migrationStage":"NotStarted", "server":"akswtt00600005d"}}
{"logTime": "0414/094743", "correlationVector":"D7IMKYuPJzFiDgpWXVc+tL.2","action":"Commit Response", "result":"Success", "context":Result: Success. cV=D7IMKYuPJzFiDgpWXVc+tL.0;server=akswtt00600005d;cloudType=Consumer;environment=Prod_southeastasia_prod-s01-065-apac-southeastasia;migrationStage=NotStarted}
{"logTime": "0414/094851", "correlationVector":"vDaC468RThYVQrPPXxlznB","action":"Commit Request", "result":"", "context":Item count: 4
Contributing types: Sessions, History}
{"logTime": "0414/094852", "correlationVector":"vDaC468RThYVQrPPXxlznB.1","action":"SyncServerConnectionManagerRequest", "result":"SYNC_SERVER_OK", "context":{"environment":"Prod_southeastasia_prod-s01-065-apac-southeastasia", "migrationStage":"NotStarted", "server":"akswtt00600006p"}}
{"logTime": "0414/094852", "correlationVector":"vDaC468RThYVQrPPXxlznB.2","action":"Commit Response", "result":"Success", "context":Result: Success. cV=vDaC468RThYVQrPPXxlznB.0;server=akswtt00600006p;cloudType=Consumer;environment=Prod_southeastasia_prod-s01-065-apac-southeastasia;migrationStage=NotStarted}
{"logTime": "0414/094953", "correlationVector":"8o173Ap2mwT3SK750q7TeU","action":"Commit Request", "result":"", "context":Item count: 4
Contributing types: Sessions, History}
{"logTime": "0414/094953", "correlationVector":"8o173Ap2mwT3SK750q7TeU.1","action":"SyncServerConnectionManagerRequest", "result":"SYNC_SERVER_OK", "context":{"environment":"Prod_southeastasia_prod-s01-065-apac-southeastasia", "migrationStage":"NotStarted", "server":"akswtt006000001"}}
{"logTime": "0414/094953", "correlationVector":"8o173Ap2mwT3SK750q7TeU.2","action":"Commit Response", "result":"Success", "context":Result: Success. cV=8o173Ap2mwT3SK750q7TeU.0;server=akswtt006000001;cloudType=Consumer;environment=Prod_southeastasia_prod-s01-065-apac-southeastasia;migrationStage=NotStarted}
{"logTime": "0414/095157", "correlationVector":"iryJh7wgma6p6HlR/S24jV","action":"Commit Request", "result":"", "context":Item count: 4
Contributing types: Sessions, History}
{"logTime": "0414/095157", "correlationVector":"iryJh7wgma6p6HlR/S24jV.1","action":"SyncServerConnectionManagerRequest", "result":"SYNC_SERVER_OK", "context":{"environment":"Prod_southeastasia_prod-s01-065-apac-southeastasia", "migrationStage":"NotStarted", "server":"akswtt00600005p"}}
{"logTime": "0414/095157", "correlationVector":"iryJh7wgma6p6HlR/S24jV.2","action":"Commit Response", "result":"Success", "context":Result: Success. cV=iryJh7wgma6p6HlR/S24jV.0;server=akswtt00600005p;cloudType=Consumer;environment=Prod_southeastasia_prod-s01-065-apac-southeastasia;migrationStage=NotStarted}
{"logTime": "0414/095304", "correlationVector":"nqQRNSnn1fWiBCWLC40zoZ","action":"Commit Request", "result":"", "context":Item count: 1
Contributing types: Sessions}
{"logTime": "0414/095304", "correlationVector":"nqQRNSnn1fWiBCWLC40zoZ.1","action":"SyncServerConnectionManagerRequest", "result":"SYNC_SERVER_OK", "context":{"environment":"Prod_southeastasia_prod-s01-065-apac-southeastasia", "migrationStage":"NotStarted", "server":"akswtt00600004o"}}
{"logTime": "0414/095304", "correlationVector":"nqQRNSnn1fWiBCWLC40zoZ.2","action":"Commit Response", "result":"Success", "context":Result: Success. cV=nqQRNSnn1fWiBCWLC40zoZ.0;server=akswtt00600004o;cloudType=Consumer;environment=Prod_southeastasia_prod-s01-065-apac-southeastasia;migrationStage=NotStarted}
{"logTime": "0414/095556", "correlationVector":"xtN8i4qtiVgkTZa4dWLAMk","action":"Commit Request", "result":"", "context":Item count: 1
Contributing types: Sessions}
{"logTime": "0414/095557", "correlationVector":"xtN8i4qtiVgkTZa4dWLAMk.1","action":"SyncServerConnectionManagerRequest", "result":"SYNC_SERVER_OK", "context":{"environment":"Prod_southeastasia_prod-s01-065-apac-southeastasia", "migrationStage":"NotStarted", "server":"akswtt006000058"}}
{"logTime": "0414/095557", "correlationVector":"xtN8i4qtiVgkTZa4dWLAMk.2","action":"Commit Response", "result":"Success", "context":Result: Success. cV=xtN8i4qtiVgkTZa4dWLAMk.0;server=akswtt006000058;cloudType=Consumer;environment=Prod_southeastasia_prod-s01-065-apac-southeastasia;migrationStage=NotStarted}
{"logTime": "0414/100252", "correlationVector":"RWNGMKrymzr8PPZB4NV17L","action":"Commit Request", "result":"", "context":Item count: 1
Contributing types: Sessions}
{"logTime": "0414/100253", "correlationVector":"RWNGMKrymzr8PPZB4NV17L.1","action":"SyncServerConnectionManagerRequest", "result":"SYNC_SERVER_OK", "context":{"environment":"Prod_southeastasia_prod-s01-064-apac-southeastasia", "migrationStage":"NotStarted", "server":"akswtt00600002x"}}
{"logTime": "0414/100253", "correlationVector":"RWNGMKrymzr8PPZB4NV17L.2","action":"Commit Response", "result":"Success", "context":Result: Success. cV=RWNGMKrymzr8PPZB4NV17L.0;server=akswtt00600002x;cloudType=Consumer;environment=Prod_southeastasia_prod-s01-064-apac-southeastasia;migrationStage=NotStarted}
{"logTime": "0414/100551", "correlationVector":"pjpgXF/3FEkUoaNNLHVHVV","action":"Commit Request", "result":"", "context":Item count: 1
Contributing types: Sessions}
{"logTime": "0414/100551", "correlationVector":"pjpgXF/3FEkUoaNNLHVHVV.1","action":"SyncServerConnectionManagerRequest", "result":"SYNC_SERVER_OK", "context":{"environment":"Prod_southeastasia_prod-s01-065-apac-southeastasia", "migrationStage":"NotStarted", "server":"akswtt00600002x"}}
{"logTime": "0414/100551", "correlationVector":"pjpgXF/3FEkUoaNNLHVHVV.2","action":"Commit Response", "result":"Success", "context":Result: Success. cV=pjpgXF/3FEkUoaNNLHVHVV.0;server=akswtt00600002x;cloudType=Consumer;environment=Prod_southeastasia_prod-s01-065-apac-southeastasia;migrationStage=NotStarted}
{"logTime": "0414/100652", "correlationVector":"r3aE7vcRB79uqqGmttsmlT","action":"Commit Request", "result":"", "context":Item count: 1
Contributing types: Sessions}
{"logTime": "0414/100653", "correlationVector":"r3aE7vcRB79uqqGmttsmlT.1","action":"SyncServerConnectionManagerRequest", "result":"SYNC_SERVER_OK", "context":{"environment":"Prod_southeastasia_prod-s01-065-apac-southeastasia", "migrationStage":"NotStarted", "server":"akswtt00600006g"}}
{"logTime": "0414/100653", "correlationVector":"r3aE7vcRB79uqqGmttsmlT.2","action":"Commit Response", "result":"Success", "context":Result: Success. cV=r3aE7vcRB79uqqGmttsmlT.0;server=akswtt00600006g;cloudType=Consumer;environment=Prod_southeastasia_prod-s01-065-apac-southeastasia;migrationStage=NotStarted}
{"logTime": "0414/101552", "correlationVector":"bzT0ALsWz/2s5v8c9589wr","action":"Commit Request", "result":"", "context":Item count: 1
Contributing types: Sessions}
{"logTime": "0414/101552", "correlationVector":"bzT0ALsWz/2s5v8c9589wr.1","action":"SyncServerConnectionManagerRequest", "result":"SYNC_SERVER_OK", "context":{"environment":"Prod_southeastasia_prod-s01-064-apac-southeastasia", "migrationStage":"NotStarted", "server":"akswtt00600005r"}}
{"logTime": "0414/101552", "correlationVector":"bzT0ALsWz/2s5v8c9589wr.2","action":"Commit Response", "result":"Success", "context":Result: Success. cV=bzT0ALsWz/2s5v8c9589wr.0;server=akswtt00600005r;cloudType=Consumer;environment=Prod_southeastasia_prod-s01-064-apac-southeastasia;migrationStage=NotStarted}
{"logTime": "0414/133902", "correlationVector":"YnHPfxbReKPC+2qsYA45YH.1","action":"SyncServerConnectionManagerRequest", "result":"SYNC_SERVER_OK", "context":{"environment":"Prod_southeastasia_prod-s01-064-apac-southeastasia", "migrationStage":"NotStarted", "server":"akswtt006000077"}}
{"logTime": "0414/133902", "correlationVector":"YnHPfxbReKPC+2qsYA45YH.2","action":"ProcessGetUpdates", "result":"Done", "context":{"dataType":"Encryption Keys", "deleted":"0", "process_failed_to_decrypt":"0", "process_pending_decryption":"0", "process_success":"1", "total":"1"}}
{"logTime": "0414/133903", "correlationVector":"wc6rcymHPvLODnZ73M4ibi","action":"SyncServerConnectionManagerRequest", "result":"SYNC_SERVER_OK", "context":{"environment":"", "migrationStage":"", "server":""}}
{"logTime": "0414/133903", "correlationVector":"wc6rcymHPvLODnZ73M4ibi.0","action":"EncryptionKeysFetcher.DownloadKeys:", "result":"Success", "context":Key count: 2, Last key timestamp: 2024-10-28T10:51:21Z}
{"logTime": "0414/133903", "correlationVector":"wc6rcymHPvLODnZ73M4ibi.1","action":"EncryptionKeysManager::SetEncryptionKeys:", "result":"Success", "context":Key names[2]:[oeiKo+LVJYnM8vSTvM/H8eY+WXUTxVgriQNDniaB741ICXyNxW+3DaIUsN4K0gBPJJfrlzfT0BFmqkGP4n44eg==][7n5+eewxjWcbsPoBMbnpHrnT4IM1bRSi6eL20jlkyUS2/sE6ZFqMEO+3ZFJrMT8RyndDjrabdY+pK1VsSzyf7Q==]}
{"logTime": "0414/133903", "correlationVector":"wc6rcymHPvLODnZ73M4ibi.2","action":"EncryptionKeysManager::SetEncryptionKeysWithTimestamps:", "result":"Success", "context":Key timestamps[2]:[2024-04-29T11:29:17Z][2024-10-28T10:51:21Z]}
{"logTime": "0414/133903", "correlationVector":"YnHPfxbReKPC+2qsYA45YH","action":"Initial GetUpdates", "result":"", "context":Reason: NEW_CLIENT. cV=YnHPfxbReKPC+2qsYA45YH}
{"logTime": "0414/133903", "correlationVector":"YnHPfxbReKPC+2qsYA45YH.3","action":"GetUpdates Response", "result":"Success", "context":Received 1 update(s). cV=YnHPfxbReKPC+2qsYA45YH.0;server=akswtt006000077;cloudType=Consumer;environment=Prod_southeastasia_prod-s01-064-apac-southeastasia;migrationStage=NotStarted}
{"logTime": "0414/133903", "correlationVector":"hGBnzjnHYUz0srScinKTmH","action":"Initial GetUpdates", "result":"", "context":Reason: NEWLY_SUPPORTED_DATATYPE. cV=hGBnzjnHYUz0srScinKTmH}
{"logTime": "0414/133903", "correlationVector":"hGBnzjnHYUz0srScinKTmH.1","action":"SyncServerConnectionManagerRequest", "result":"SYNC_SERVER_OK", "context":{"environment":"Prod_southeastasia_prod-s01-065-apac-southeastasia", "migrationStage":"NotStarted", "server":"akswtt00600001f"}}
{"logTime": "0414/133903", "correlationVector":"hGBnzjnHYUz0srScinKTmH.2","action":"ProcessGetUpdates", "result":"Done", "context":{"dataType":"Passwords", "deleted":"0", "process_failed_to_decrypt":"0", "process_pending_decryption":"0", "process_success":"32", "total":"32"}}
{"logTime": "0414/133903", "correlationVector":"hGBnzjnHYUz0srScinKTmH.3","action":"GetUpdates Response", "result":"Success", "context":Received 32 update(s). cV=hGBnzjnHYUz0srScinKTmH.0;server=akswtt00600001f;cloudType=Consumer;environment=Prod_southeastasia_prod-s01-065-apac-southeastasia;migrationStage=NotStarted}
{"logTime": "0414/133903", "correlationVector":"sBlhhDl111g8oNk3QUO1Gz","action":"Normal GetUpdate request", "result":"", "context":cV=sBlhhDl111g8oNk3QUO1Gz
Nudged types: Sessions, History
Refresh requested types: Bookmarks, Preferences, Passwords, Autofill Profiles, Autofill, Extensions, Sessions, Extension settings, History Delete Directives, Device Info, User Consents, Send Tab To Self, Web Apps, History, Saved Tab Group, Collection, Edge E Drop, Edge Hub App Usage, Edge Tab Group, Edge Wallet, Encryption Keys}
{"logTime": "0414/133903", "correlationVector":"sBlhhDl111g8oNk3QUO1Gz.1","action":"SyncServerConnectionManagerRequest", "result":"SYNC_SERVER_OK", "context":{"environment":"Prod_southeastasia_prod-s01-065-apac-southeastasia", "migrationStage":"NotStarted", "server":"akswtt00600000j"}}
{"logTime": "0414/133903", "correlationVector":"sBlhhDl111g8oNk3QUO1Gz.2","action":"ProcessGetUpdates", "result":"Done", "context":{"dataType":"Preferences", "deleted":"0", "process_failed_to_decrypt":"0", "process_pending_decryption":"0", "process_success":"1", "total":"1"}}
{"logTime": "0414/133903", "correlationVector":"sBlhhDl111g8oNk3QUO1Gz.3","action":"ProcessGetUpdates", "result":"Done", "context":{"dataType":"Sessions", "deleted":"1", "process_failed_to_decrypt":"0", "process_pending_decryption":"0", "process_success":"3", "total":"3"}}
{"logTime": "0414/133903", "correlationVector":"sBlhhDl111g8oNk3QUO1Gz.4","action":"ProcessGetUpdates", "result":"Done", "context":{"dataType":"History", "deleted":"0", "process_failed_to_decrypt":"0", "process_pending_decryption":"0", "process_success":"16", "total":"16"}}
{"logTime": "0414/133903", "correlationVector":"sBlhhDl111g8oNk3QUO1Gz.5","action":"GetUpdates Response", "result":"Success", "context":Received 20 update(s). cV=sBlhhDl111g8oNk3QUO1Gz.0;server=akswtt00600000j;cloudType=Consumer;environment=Prod_southeastasia_prod-s01-065-apac-southeastasia;migrationStage=NotStarted}
{"logTime": "0414/133903", "correlationVector":"m99VJC4gw74KlmOR8COxWP","action":"Commit Request", "result":"", "context":Item count: 3
Contributing types: Sessions, History}
{"logTime": "0414/133903", "correlationVector":"m99VJC4gw74KlmOR8COxWP.1","action":"SyncServerConnectionManagerRequest", "result":"SYNC_SERVER_OK", "context":{"environment":"Prod_southeastasia_prod-s01-065-apac-southeastasia", "migrationStage":"NotStarted", "server":"akswtt00600000d"}}
{"logTime": "0414/133903", "correlationVector":"m99VJC4gw74KlmOR8COxWP.2","action":"Commit Response", "result":"Success", "context":Result: Success. cV=m99VJC4gw74KlmOR8COxWP.0;server=akswtt00600000d;cloudType=Consumer;environment=Prod_southeastasia_prod-s01-065-apac-southeastasia;migrationStage=NotStarted}
{"logTime": "0414/133906", "correlationVector":"i4UgnIaJN1UsXUoy7PTcZr","action":"Commit Request", "result":"", "context":Item count: 3
Contributing types: Preferences, Sessions, History}
{"logTime": "0414/133907", "correlationVector":"i4UgnIaJN1UsXUoy7PTcZr.1","action":"SyncServerConnectionManagerRequest", "result":"SYNC_SERVER_OK", "context":{"environment":"Prod_southeastasia_prod-s01-065-apac-southeastasia", "migrationStage":"NotStarted", "server":"akswtt00600004f"}}
{"logTime": "0414/133907", "correlationVector":"i4UgnIaJN1UsXUoy7PTcZr.2","action":"Commit Response", "result":"Success", "context":Result: Success. cV=i4UgnIaJN1UsXUoy7PTcZr.0;server=akswtt00600004f;cloudType=Consumer;environment=Prod_southeastasia_prod-s01-065-apac-southeastasia;migrationStage=NotStarted}
{"logTime": "0414/134007", "correlationVector":"JxuHn+l1AI/uzCnyC1rlXF","action":"Commit Request", "result":"", "context":Item count: 5
Contributing types: Sessions, History}
{"logTime": "0414/134008", "correlationVector":"JxuHn+l1AI/uzCnyC1rlXF.1","action":"SyncServerConnectionManagerRequest", "result":"SYNC_SERVER_OK", "context":{"environment":"Prod_southeastasia_prod-s01-065-apac-southeastasia", "migrationStage":"NotStarted", "server":"akswtt00600000j"}}
{"logTime": "0414/134008", "correlationVector":"JxuHn+l1AI/uzCnyC1rlXF.2","action":"Commit Response", "result":"Success", "context":Result: Success. cV=JxuHn+l1AI/uzCnyC1rlXF.0;server=akswtt00600000j;cloudType=Consumer;environment=Prod_southeastasia_prod-s01-065-apac-southeastasia;migrationStage=NotStarted}
{"logTime": "0414/135245", "correlationVector":"sLE0f62zIz4X4+kqOVhpU4","action":"Commit Request", "result":"", "context":Item count: 1
Contributing types: Sessions}
{"logTime": "0414/135246", "correlationVector":"sLE0f62zIz4X4+kqOVhpU4.1","action":"SyncServerConnectionManagerRequest", "result":"SYNC_AUTH_ERROR", "context":{"environment":"Prod_southeastasia_prod-s01-064-apac-southeastasia", "migrationStage":"NotStarted", "server":"akswtt00600005o"}}
{"logTime": "0414/135246", "correlationVector":"sLE0f62zIz4X4+kqOVhpU4.2","action":"Commit Response", "result":"HTTP error (401)", "context":Result: HTTP error (401). cV=sLE0f62zIz4X4+kqOVhpU4.0;server=akswtt00600005o;cloudType=Undetermined;environment=Prod_southeastasia_prod-s01-064-apac-southeastasia;migrationStage=NotStarted}
{"logTime": "0414/135248", "correlationVector":"BY/vLrEEi8QlidNHvOLVqQ","action":"Commit Request", "result":"", "context":Item count: 1
Contributing types: Sessions}
{"logTime": "0414/135249", "correlationVector":"BY/vLrEEi8QlidNHvOLVqQ.1","action":"SyncServerConnectionManagerRequest", "result":"SYNC_SERVER_OK", "context":{"environment":"Prod_southeastasia_prod-s01-064-apac-southeastasia", "migrationStage":"NotStarted", "server":"akswtt00600007k"}}
{"logTime": "0414/135249", "correlationVector":"BY/vLrEEi8QlidNHvOLVqQ.2","action":"Commit Response", "result":"Success", "context":Result: Success. cV=BY/vLrEEi8QlidNHvOLVqQ.0;server=akswtt00600007k;cloudType=Consumer;environment=Prod_southeastasia_prod-s01-064-apac-southeastasia;migrationStage=NotStarted}
{"logTime": "0415/085901", "correlationVector":"r8UgAJ3FL9EBVcCImhLobn.1","action":"SyncServerConnectionManagerRequest", "result":"SYNC_SERVER_OK", "context":{"environment":"Prod_southeastasia_prod-s01-064-apac-southeastasia", "migrationStage":"NotStarted", "server":"akswtt00600006n"}}
{"logTime": "0415/085901", "correlationVector":"r8UgAJ3FL9EBVcCImhLobn.2","action":"ProcessGetUpdates", "result":"Done", "context":{"dataType":"Encryption Keys", "deleted":"0", "process_failed_to_decrypt":"0", "process_pending_decryption":"0", "process_success":"1", "total":"1"}}
{"logTime": "0415/085902", "correlationVector":"H6EjEGrdV0vhZUlWS7D65h","action":"SyncServerConnectionManagerRequest", "result":"SYNC_SERVER_OK", "context":{"environment":"", "migrationStage":"", "server":""}}
{"logTime": "0415/085902", "correlationVector":"H6EjEGrdV0vhZUlWS7D65h.0","action":"EncryptionKeysFetcher.DownloadKeys:", "result":"Success", "context":Key count: 2, Last key timestamp: 2024-10-28T10:51:21Z}
{"logTime": "0415/085902", "correlationVector":"H6EjEGrdV0vhZUlWS7D65h.1","action":"EncryptionKeysManager::SetEncryptionKeys:", "result":"Success", "context":Key names[2]:[oeiKo+LVJYnM8vSTvM/H8eY+WXUTxVgriQNDniaB741ICXyNxW+3DaIUsN4K0gBPJJfrlzfT0BFmqkGP4n44eg==][7n5+eewxjWcbsPoBMbnpHrnT4IM1bRSi6eL20jlkyUS2/sE6ZFqMEO+3ZFJrMT8RyndDjrabdY+pK1VsSzyf7Q==]}
{"logTime": "0415/085902", "correlationVector":"H6EjEGrdV0vhZUlWS7D65h.2","action":"EncryptionKeysManager::SetEncryptionKeysWithTimestamps:", "result":"Success", "context":Key timestamps[2]:[2024-04-29T11:29:17Z][2024-10-28T10:51:21Z]}
{"logTime": "0415/085902", "correlationVector":"r8UgAJ3FL9EBVcCImhLobn","action":"Initial GetUpdates", "result":"", "context":Reason: NEW_CLIENT. cV=r8UgAJ3FL9EBVcCImhLobn}
{"logTime": "0415/085902", "correlationVector":"r8UgAJ3FL9EBVcCImhLobn.3","action":"GetUpdates Response", "result":"Success", "context":Received 1 update(s). cV=r8UgAJ3FL9EBVcCImhLobn.0;server=akswtt00600006n;cloudType=Consumer;environment=Prod_southeastasia_prod-s01-064-apac-southeastasia;migrationStage=NotStarted}
{"logTime": "0415/085902", "correlationVector":"vHN4wPGhjBCtx83Tqbi7sA","action":"Initial GetUpdates", "result":"", "context":Reason: NEWLY_SUPPORTED_DATATYPE. cV=vHN4wPGhjBCtx83Tqbi7sA}
{"logTime": "0415/085902", "correlationVector":"vHN4wPGhjBCtx83Tqbi7sA.1","action":"SyncServerConnectionManagerRequest", "result":"SYNC_SERVER_OK", "context":{"environment":"Prod_southeastasia_prod-s01-064-apac-southeastasia", "migrationStage":"NotStarted", "server":"akswtt00600000a"}}
{"logTime": "0415/085902", "correlationVector":"vHN4wPGhjBCtx83Tqbi7sA.2","action":"ProcessGetUpdates", "result":"Done", "context":{"dataType":"Passwords", "deleted":"0", "process_failed_to_decrypt":"0", "process_pending_decryption":"0", "process_success":"32", "total":"32"}}
{"logTime": "0415/085902", "correlationVector":"vHN4wPGhjBCtx83Tqbi7sA.3","action":"GetUpdates Response", "result":"Success", "context":Received 32 update(s). cV=vHN4wPGhjBCtx83Tqbi7sA.0;server=akswtt00600000a;cloudType=Consumer;environment=Prod_southeastasia_prod-s01-064-apac-southeastasia;migrationStage=NotStarted}
{"logTime": "0415/085902", "correlationVector":"REdypZhxNEB2WgJkEaLKJg","action":"Normal GetUpdate request", "result":"", "context":cV=REdypZhxNEB2WgJkEaLKJg
Nudged types: Sessions, History
Refresh requested types: Bookmarks, Preferences, Passwords, Autofill Profiles, Autofill, Extensions, Sessions, Extension settings, History Delete Directives, Device Info, User Consents, Send Tab To Self, Web Apps, History, Saved Tab Group, Collection, Edge E Drop, Edge Hub App Usage, Edge Tab Group, Edge Wallet, Encryption Keys}
{"logTime": "0415/085902", "correlationVector":"REdypZhxNEB2WgJkEaLKJg.1","action":"SyncServerConnectionManagerRequest", "result":"SYNC_SERVER_OK", "context":{"environment":"Prod_southeastasia_prod-s01-064-apac-southeastasia", "migrationStage":"NotStarted", "server":"akswtt00600007k"}}
{"logTime": "0415/085902", "correlationVector":"REdypZhxNEB2WgJkEaLKJg.2","action":"ProcessGetUpdates", "result":"Done", "context":{"dataType":"Preferences", "deleted":"0", "process_failed_to_decrypt":"0", "process_pending_decryption":"0", "process_success":"1", "total":"1"}}
{"logTime": "0415/085902", "correlationVector":"REdypZhxNEB2WgJkEaLKJg.3","action":"ProcessGetUpdates", "result":"Done", "context":{"dataType":"Sessions", "deleted":"2", "process_failed_to_decrypt":"0", "process_pending_decryption":"0", "process_success":"8", "total":"8"}}
{"logTime": "0415/085902", "correlationVector":"REdypZhxNEB2WgJkEaLKJg.4","action":"ProcessGetUpdates", "result":"Done", "context":{"dataType":"Device Info", "deleted":"0", "process_failed_to_decrypt":"0", "process_pending_decryption":"0", "process_success":"3", "total":"3"}}
{"logTime": "0415/085902", "correlationVector":"REdypZhxNEB2WgJkEaLKJg.5","action":"ProcessGetUpdates", "result":"Done", "context":{"dataType":"History", "deleted":"0", "process_failed_to_decrypt":"0", "process_pending_decryption":"0", "process_success":"16", "total":"16"}}
{"logTime": "0415/085902", "correlationVector":"REdypZhxNEB2WgJkEaLKJg.6","action":"GetUpdates Response", "result":"Success", "context":Received 28 update(s). cV=REdypZhxNEB2WgJkEaLKJg.0;server=akswtt00600007k;cloudType=Consumer;environment=Prod_southeastasia_prod-s01-064-apac-southeastasia;migrationStage=NotStarted}
{"logTime": "0415/085902", "correlationVector":"IxWkzOvtNFFAWlwufg6YHY","action":"Commit Request", "result":"", "context":Item count: 2
Contributing types: History}
{"logTime": "0415/085902", "correlationVector":"IxWkzOvtNFFAWlwufg6YHY.1","action":"SyncServerConnectionManagerRequest", "result":"SYNC_SERVER_OK", "context":{"environment":"Prod_southeastasia_prod-s01-064-apac-southeastasia", "migrationStage":"NotStarted", "server":"akswtt00600006j"}}
{"logTime": "0415/085902", "correlationVector":"IxWkzOvtNFFAWlwufg6YHY.2","action":"Commit Response", "result":"Success", "context":Result: Success. cV=IxWkzOvtNFFAWlwufg6YHY.0;server=akswtt00600006j;cloudType=Consumer;environment=Prod_southeastasia_prod-s01-064-apac-southeastasia;migrationStage=NotStarted}
{"logTime": "0415/085905", "correlationVector":"M7zLfYmLhULtBmjHv7x2tM","action":"Commit Request", "result":"", "context":Item count: 5
Contributing types: Preferences, Sessions, History}
{"logTime": "0415/085906", "correlationVector":"M7zLfYmLhULtBmjHv7x2tM.1","action":"SyncServerConnectionManagerRequest", "result":"SYNC_SERVER_OK", "context":{"environment":"Prod_southeastasia_prod-s01-064-apac-southeastasia", "migrationStage":"NotStarted", "server":"akswtt00600007b"}}
{"logTime": "0415/085906", "correlationVector":"M7zLfYmLhULtBmjHv7x2tM.2","action":"Commit Response", "result":"Success", "context":Result: Success. cV=M7zLfYmLhULtBmjHv7x2tM.0;server=akswtt00600007b;cloudType=Consumer;environment=Prod_southeastasia_prod-s01-064-apac-southeastasia;migrationStage=NotStarted}
{"logTime": "0415/090058", "correlationVector":"hW4gfEsDwaK7SigslR35uZ","action":"Commit Request", "result":"", "context":Item count: 1
Contributing types: Device Info}
{"logTime": "0415/090058", "correlationVector":"hW4gfEsDwaK7SigslR35uZ.1","action":"SyncServerConnectionManagerRequest", "result":"SYNC_SERVER_OK", "context":{"environment":"Prod_southeastasia_prod-s01-064-apac-southeastasia", "migrationStage":"NotStarted", "server":"akswtt006000041"}}
{"logTime": "0415/090058", "correlationVector":"hW4gfEsDwaK7SigslR35uZ.2","action":"Commit Response", "result":"Success", "context":Result: Success. cV=hW4gfEsDwaK7SigslR35uZ.0;server=akswtt006000041;cloudType=Consumer;environment=Prod_southeastasia_prod-s01-064-apac-southeastasia;migrationStage=NotStarted}
{"logTime": "0415/090159", "correlationVector":"auVYVyTdoIHWhZ96R2SgIT","action":"Commit Request", "result":"", "context":Item count: 1
Contributing types: Sessions}
{"logTime": "0415/090159", "correlationVector":"auVYVyTdoIHWhZ96R2SgIT.1","action":"SyncServerConnectionManagerRequest", "result":"SYNC_SERVER_OK", "context":{"environment":"Prod_southeastasia_prod-s01-064-apac-southeastasia", "migrationStage":"NotStarted", "server":"akswtt00600005b"}}
{"logTime": "0415/090159", "correlationVector":"auVYVyTdoIHWhZ96R2SgIT.2","action":"Commit Response", "result":"Success", "context":Result: Success. cV=auVYVyTdoIHWhZ96R2SgIT.0;server=akswtt00600005b;cloudType=Consumer;environment=Prod_southeastasia_prod-s01-064-apac-southeastasia;migrationStage=NotStarted}
